[16:39:23] [main/INFO]: Loading Minecraft 1.21.1 with Fabric Loader 0.16.13
[16:39:23] [main/INFO]: Loading 135 mods:
	- architectury 13.0.8
	- badoptimizations 2.2.1
	- c2me 0.3.0+alpha.0.319+1.21.1
	   |-- c2me-base 0.3.0+alpha.0.319+1.21.1
	   |-- c2me-client-uncapvd 0.3.0+alpha.0.319+1.21.1
	   |-- c2me-fixes-chunkio-threading-issues 0.3.0+alpha.0.319+1.21.1
	   |-- c2me-fixes-general-threading-issues 0.3.0+alpha.0.319+1.21.1
	   |-- c2me-fixes-worldgen-threading-issues 0.3.0+alpha.0.319+1.21.1
	   |-- c2me-fixes-worldgen-vanilla-bugs 0.3.0+alpha.0.319+1.21.1
	   |-- c2me-notickvd 0.3.0+alpha.0.319+1.21.1
	   |-- c2me-opts-allocs 0.3.0+alpha.0.319+1.21.1
	   |-- c2me-opts-chunk-access 0.3.0+alpha.0.319+1.21.1
	   |-- c2me-opts-chunkio 0.3.0+alpha.0.319+1.21.1
	   |-- c2me-opts-dfc 0.3.0+alpha.0.319+1.21.1
	   |-- c2me-opts-math 0.3.0+alpha.0.319+1.21.1
	   |-- c2me-opts-scheduling 0.3.0+alpha.0.319+1.21.1
	   |-- c2me-opts-worldgen-general 0.3.0+alpha.0.319+1.21.1
	   |-- c2me-opts-worldgen-vanilla 0.3.0+alpha.0.319+1.21.1
	   |-- c2me-rewrites-chunk-serializer 0.3.0+alpha.0.319+1.21.1
	   |-- c2me-rewrites-chunk-system 0.3.0+alpha.0.319+1.21.1
	   |-- c2me-rewrites-chunkio 0.3.0+alpha.0.319+1.21.1
	   |-- c2me-server-utils 0.3.0+alpha.0.319+1.21.1
	   |-- c2me-threading-lighting 0.3.0+alpha.0.319+1.21.1
	   |-- com_ibm_async_asyncutil 0.1.0
	   |-- io_reactivex_rxjava3_rxjava 3.1.8
	   |-- net_objecthunter_exp4j 0.4.8
	   |-- org_jctools_jctools-core 4.0.5
	   \-- org_reactivestreams_reactive-streams 1.0.4
	- cloth-config 15.0.140
	   \-- cloth-basic-math 0.6.1
	- customskinloader 14.26.1
	- enhancedblockentities 0.10.2+1.21
	- entityculling 1.7.4
	- fabric-api 0.115.6+1.21.1
	   |-- fabric-api-base 0.4.42+6573ed8c19
	   |-- fabric-api-lookup-api-v1 1.6.70+b559734419
	   |-- fabric-biome-api-v1 13.0.31+d527f9fd19
	   |-- fabric-block-api-v1 1.0.22+0af3f5a719
	   |-- fabric-block-view-api-v2 1.0.11+ebb2264e19
	   |-- fabric-blockrenderlayer-v1 1.1.52+0af3f5a719
	   |-- fabric-client-tags-api-v1 1.1.15+6573ed8c19
	   |-- fabric-command-api-v1 1.2.49+f71b366f19
	   |-- fabric-command-api-v2 2.2.28+6ced4dd919
	   |-- fabric-commands-v0 0.2.66+df3654b319
	   |-- fabric-content-registries-v0 8.0.18+b559734419
	   |-- fabric-convention-tags-v1 2.1.4+7f945d5b19
	   |-- fabric-convention-tags-v2 2.11.0+a406e79519
	   |-- fabric-crash-report-info-v1 0.2.29+0af3f5a719
	   |-- fabric-data-attachment-api-v1 1.4.3+a15b7ead19
	   |-- fabric-data-generation-api-v1 20.2.28+16c4ae2519
	   |-- fabric-dimensions-v1 4.0.0+6fc22b9919
	   |-- fabric-entity-events-v1 1.7.0+2122d82819
	   |-- fabric-events-interaction-v0 0.7.13+ba9dae0619
	   |-- fabric-game-rule-api-v1 1.0.53+6ced4dd919
	   |-- fabric-item-api-v1 11.1.1+d5debaed19
	   |-- fabric-item-group-api-v1 4.1.7+def88e3a19
	   |-- fabric-key-binding-api-v1 1.0.47+0af3f5a719
	   |-- fabric-keybindings-v0 0.2.45+df3654b319
	   |-- fabric-lifecycle-events-v1 2.5.0+01d9a51c19
	   |-- fabric-loot-api-v2 3.0.15+3f89f5a519
	   |-- fabric-loot-api-v3 1.0.3+3f89f5a519
	   |-- fabric-message-api-v1 6.0.13+6573ed8c19
	   |-- fabric-model-loading-api-v1 2.0.0+fe474d6b19
	   |-- fabric-networking-api-v1 4.3.0+c7469b2119
	   |-- fabric-object-builder-api-v1 15.2.1+40875a9319
	   |-- fabric-particles-v1 4.0.2+6573ed8c19
	   |-- fabric-recipe-api-v1 5.0.14+248df81c19
	   |-- fabric-registry-sync-v0 5.2.0+34f5d91419
	   |-- fabric-renderer-api-v1 3.4.0+c705a49c19
	   |-- fabric-renderer-indigo 1.7.0+c705a49c19
	   |-- fabric-renderer-registries-v1 3.2.68+df3654b319
	   |-- fabric-rendering-data-attachment-v1 0.3.49+73761d2e19
	   |-- fabric-rendering-fluids-v1 3.1.6+1daea21519
	   |-- fabric-rendering-v0 1.1.71+df3654b319
	   |-- fabric-rendering-v1 5.0.5+df16efd019
	   |-- fabric-resource-conditions-api-v1 4.3.0+8dc279b119
	   |-- fabric-resource-loader-v0 1.3.1+5b5275af19
	   |-- fabric-screen-api-v1 2.0.25+8b68f1c719
	   |-- fabric-screen-handler-api-v1 1.3.88+b559734419
	   |-- fabric-sound-api-v1 1.0.23+6573ed8c19
	   |-- fabric-transfer-api-v1 5.4.2+c24bd99419
	   \-- fabric-transitive-access-wideners-v1 6.2.0+45b9699719
	- fabric-language-kotlin 1.13.7+kotlin.2.2.21
	   |-- org_jetbrains_kotlin_kotlin-reflect 2.2.21
	   |-- org_jetbrains_kotlin_kotlin-stdlib 2.2.21
	   |-- org_jetbrains_kotlin_kotlin-stdlib-jdk7 2.2.21
	   |-- org_jetbrains_kotlin_kotlin-stdlib-jdk8 2.2.21
	   |-- org_jetbrains_kotlinx_atomicfu-jvm 0.29.0
	   |-- org_jetbrains_kotlinx_kotlinx-coroutines-core-jvm 1.10.2
	   |-- org_jetbrains_kotlinx_kotlinx-coroutines-jdk8 1.10.2
	   |-- org_jetbrains_kotlinx_kotlinx-datetime-jvm 0.7.1
	   |-- org_jetbrains_kotlinx_kotlinx-io-bytestring-jvm 0.8.0
	   |-- org_jetbrains_kotlinx_kotlinx-io-core-jvm 0.8.0
	   |-- org_jetbrains_kotlinx_kotlinx-serialization-cbor-jvm 1.9.0
	   |-- org_jetbrains_kotlinx_kotlinx-serialization-core-jvm 1.9.0
	   \-- org_jetbrains_kotlinx_kotlinx-serialization-json-jvm 1.9.0
	- fabricloader 0.16.13
	   \-- mixinextras 0.4.1
	- ferritecore 7.0.2-hotfix
	- forgeconfigapiport 21.1.6
	   |-- com_electronwill_night-config_core 3.8.0
	   \-- com_electronwill_night-config_toml 3.8.0
	- ftbbackups2 1.0.28
	- ftbessentials 2101.1.6
	- ftblibrary 2101.1.26
	- ftbranks 2101.1.3
	- i18nupdatemod 3.7.0
	- immediatelyfast 1.6.5+1.21.1
	   \-- net_lenni0451_reflect 1.3.4
	- inventoryprofilesnext 2.2.1
	- iris 1.8.8+mc1.21.1
	   |-- io_github_douira_glsl-transformer 2.0.1
	   |-- org_anarres_jcpp 1.4.14
	   \-- org_antlr_antlr4-runtime 4.13.1
	- java 21
	- libipn 6.6.1
	- lithium 0.15.0+mc1.21.1
	- minecraft 1.21.1
	- modernfix 5.21.0+mc1.21.1
	- modernui 3.12.0.2
	   \-- org_commonmark_commonmark 0.25.0
	- modmenu 11.0.3
	- moreculling 1.0.6
	   |-- conditional-mixin 0.6.3
	   \-- mixinsquared 0.2.0
	- nochatreports 1.21.1-v2.9.1
	- noisium 2.3.0+mc1.21-1.21.1
	- placeholder-api 2.4.2+1.21
	- polylib 2100.1.0-build.183
	- scalablelux 0.1.0+fabric.26c6e72
	- sodium 0.6.13+mc1.21.1
	- threadtweak 0.1.5+mc1.21.1
	- vmp 0.2.0+beta.7.172+1.21.1
	   \-- com_ibm_async_asyncutil 0.1.0
	- xaerominimap 25.2.10
	- xaeroworldmap 1.39.12
[16:39:23] [main/INFO]: SpongePowered MIXIN Subsystem Version=0.8.7 Source=file:/D:/Minecraft/PCL/.minecraft/libraries/net/fabricmc/sponge-mixin/0.15.4+mixin.0.8.7/sponge-mixin-0.15.4+mixin.0.8.7.jar Service=Knot/Fabric Env=CLIENT
[16:39:23] [main/INFO]: Compatibility level set to JAVA_16
[16:39:23] [main/INFO]: Compatibility level set to JAVA_17
[16:39:23] [main/INFO]: Compatibility level set to JAVA_21
[16:39:24] [main/INFO]: Loading config file
[16:39:24] [main/INFO]: Config version: 4
[16:39:24] [main/INFO]: Note: Entity flag caching has no effect in Minecraft 1.20.5+ as the optimization is now in vanilla.
[16:39:24] [main/INFO]: Initializing com.ishland.c2me.base.mixin
[16:39:24] [main/INFO]: Config defaultGlobalExecutorParallelismExpression changed from 
    max(
        1,
        min(
            if( is_windows,
                (cpus / 1.6 - 2),
                (cpus / 1.2 - 2)
            ),
            if( is_j9vm,
                ( ( mem_gb - (if(is_client, 0.6, 0.2)) ) / 0.4 ),
                ( ( mem_gb - (if(is_client, 1.2, 0.6)) ) / 0.6 )
            )
        ) - if(is_client, 2, 0)
    )
  to max(1,min(if(is_client,(cpus/2.66+1),(cpus/1.5)),if(is_j9vm,((mem_gb-(if(is_client,0.5,0.2)))/0.2),((mem_gb-(if(is_client,0.8,0.5)))/0.2))))
[16:39:24] [main/INFO]: Global Executor Parallelism: 8 configured, 8 evaluated, 3 default evaluated
[16:39:24] [main/INFO]: Initializing com.ishland.c2me.client.uncapvd.mixin
[16:39:24] [main/INFO]: Config clientSideConfig.modifyMaxVDConfig.enabled changed from true to false
[16:39:24] [main/INFO]: Config clientSideConfig.modifyMaxVDConfig.enableExtRenderDistanceProtocol changed from true to false
[16:39:24] [main/INFO]: Disabling com.ishland.c2me.client.uncapvd.mixin
[16:39:24] [main/INFO]: Initializing com.ishland.c2me.fixes.chunkio.threading_issues.mixin
[16:39:24] [main/INFO]: Initializing com.ishland.c2me.fixes.general.threading_issues.mixin
[16:39:24] [main/INFO]: Initializing com.ishland.c2me.fixes.worldgen.threading_issues.mixin
[16:39:24] [main/INFO]: Initializing com.ishland.c2me.fixes.worldgen.vanilla_bugs.mixin
[16:39:24] [main/INFO]: Initializing com.ishland.c2me.notickvd.mixin
[16:39:24] [main/INFO]: Config noTickViewDistance.maxConcurrentChunkLoads changed from 16 to 2
[16:39:24] [main/INFO]: Config noTickViewDistance.compatibilityMode changed from true to false
[16:39:24] [main/INFO]: Config noTickViewDistance.enableExtRenderDistanceProtocol changed from true to false
[16:39:24] [main/INFO]: Config noTickViewDistance.maxViewDistance changed from 2048 to 32
[16:39:24] [main/INFO]: Initializing com.ishland.c2me.opts.allocs.mixin
[16:39:24] [main/INFO]: Initializing com.ishland.c2me.opts.chunk_access.mixin
[16:39:24] [main/INFO]: Initializing com.ishland.c2me.opts.chunkio.mixin
[16:39:24] [main/INFO]: Initializing com.ishland.c2me.opts.dfc.mixin
[16:39:24] [main/INFO]: Config vanillaWorldGenOptimizations.useDensityFunctionCompiler changed from false to true
[16:39:24] [main/INFO]: Initializing com.ishland.c2me.opts.math.mixin
[16:39:24] [main/INFO]: Initializing com.ishland.c2me.opts.scheduling.mixin
[16:39:24] [main/INFO]: Initializing com.ishland.c2me.opts.worldgen.general.mixin
[16:39:24] [main/INFO]: Initializing com.ishland.c2me.opts.worldgen.vanilla.mixin
[16:39:24] [main/INFO]: Initializing com.ishland.c2me.rewrites.chunk_serializer.mixin
[16:39:24] [main/INFO]: Disabling config ioSystem.gcFreeChunkSerializer: Incompatible with architectury@13.0.8 (*) (defined in c2me)
[16:39:24] [main/INFO]: Config ioSystem.gcFreeChunkSerializer changed from false to false
[16:39:24] [main/INFO]: Disabling com.ishland.c2me.rewrites.chunk_serializer.mixin
[16:39:24] [main/INFO]: Initializing com.ishland.c2me.rewrites.chunksystem.mixin
[16:39:24] [main/INFO]: Config chunkSystem.syncPlayerTickets changed from true to false
[16:39:24] [main/INFO]: Initializing com.ishland.c2me.rewrites.chunkio.mixin
[16:39:24] [main/INFO]: Initializing com.ishland.c2me.server.utils.mixin
[16:39:24] [main/INFO]: Initializing com.ishland.c2me.threading.lighting.mixin
[16:39:24] [main/WARN]: Reference map 'forgeconfigapiport.common.refmap.json' for forgeconfigapiport.common.mixins.json could not be read. If this is a development environment you can ignore this message
[16:39:24] [main/WARN]: Screen Batching is enabled but HUD Batching is disabled. Disabling Screen Batching.
[16:39:24] [main/WARN]: Mod 'ferritecore' attempted to override option 'mixin.alloc.blockstate', which doesn't exist, ignoring
[16:39:24] [main/INFO]: Option 'mixin.entity.collisions.fluid' requires 'mixin.util.block_tracking=true' but found 'false'. Setting 'mixin.entity.collisions.fluid=false'.
[16:39:24] [main/INFO]: Option 'mixin.experimental.entity.block_caching.block_support' requires 'mixin.util.block_tracking=true' but found 'false'. Setting 'mixin.experimental.entity.block_caching.block_support=false'.
[16:39:24] [main/INFO]: Option 'mixin.experimental.entity.block_caching.fluid_pushing' requires 'mixin.util.block_tracking=true' but found 'false'. Setting 'mixin.experimental.entity.block_caching.fluid_pushing=false'.
[16:39:24] [main/INFO]: Option 'mixin.experimental.entity.block_caching.block_touching' requires 'mixin.util.block_tracking=true' but found 'false'. Setting 'mixin.experimental.entity.block_caching.block_touching=false'.
[16:39:24] [main/INFO]: Option 'mixin.experimental.entity.block_caching.suffocation' requires 'mixin.util.block_tracking=true' but found 'false'. Setting 'mixin.experimental.entity.block_caching.suffocation=false'.
[16:39:24] [main/INFO]: Option 'mixin.experimental.entity.block_caching' requires 'mixin.util.block_tracking=true' but found 'false'. Setting 'mixin.experimental.entity.block_caching=false'.
[16:39:24] [main/INFO]: Loaded configuration file for Lithium: 149 options available, 1 override(s) found
[16:39:24] [main/INFO]: Loaded configuration file for ModernFix 5.21.0+mc1.21.1: 58 options available, 13 override(s) found
[16:39:24] [main/WARN]: Option 'mixin.bugfix.paper_chunk_patches' overriden (by mods [c2me]) to 'false'
[16:39:24] [main/WARN]: Option 'mixin.perf.faster_item_rendering' overriden (by user configuration) to 'true'
[16:39:24] [main/WARN]: Option 'mixin.perf.dynamic_resources' overriden (by user configuration) to 'true'
[16:39:24] [main/WARN]: Option 'mixin.perf.cache_strongholds' overriden (by mods [c2me]) to 'false'
[16:39:24] [main/WARN]: Option 'mixin.perf.clear_mixin_classinfo' overriden (by user configuration) to 'true'
[16:39:24] [main/WARN]: Option 'mixin.perf.deduplicate_location' overriden (by user configuration) to 'true'
[16:39:24] [main/WARN]: Option 'mixin.perf.dynamic_entity_renderers' overriden (by user configuration) to 'true'
[16:39:24] [main/WARN]: Option 'mixin.perf.nbt_memory_usage' overriden (by mods [c2me]) to 'false'
[16:39:24] [main/WARN]: Option 'mixin.perf.clear_fabric_mapping_tables' overriden (by user configuration) to 'true'
[16:39:24] [main/WARN]: Option 'mixin.bugfix.packet_leak' overriden (by user configuration) to 'true'
[16:39:24] [main/WARN]: Option 'mixin.bugfix.chunk_deadlock' overriden (by mods [c2me]) to 'false'
[16:39:24] [main/WARN]: Option 'mixin.perf.worldgen_allocation' overriden (by user configuration) to 'true'
[16:39:24] [main/WARN]: Option 'mixin.perf.thread_priorities' overriden (by mods [threadtweak]) to 'false'
[16:39:24] [main/INFO]: Applying Nashorn fix
[16:39:24] [main/INFO]: Iris API installed...
[16:39:24] [main/WARN]: Reference map 'polylib-common-refmap.json' for polylib.mixins.json could not be read. If this is a development environment you can ignore this message
[16:39:24] [main/INFO]: Loaded configuration file for Sodium: 43 options available, 1 override(s) found
[16:39:24] [main/INFO]: Successfully started async appender with [ServerGuiConsole, SysOut, File]
[16:39:25] [main/WARN]: Mixin malte0811.ferritecore.mixin.threaddetec.PalettedContainerMixin is disabled automatically as lithium is installed
[16:39:25] [main/WARN]: Error loading class: com/electronwill/nightconfig/core/io/IoUtils (java.lang.ClassNotFoundException: com/electronwill/nightconfig/core/io/IoUtils)
[16:39:25] [main/WARN]: Error loading class: com/supermartijn642/core/gui/WidgetContainerScreen (java.lang.ClassNotFoundException: com/supermartijn642/core/gui/WidgetContainerScreen)
[16:39:25] [main/WARN]: @Mixin target com.supermartijn642.core.gui.WidgetContainerScreen was not found mixins.ipnext.json:MixinSuperMartiJnWidgetScreen from mod inventoryprofilesnext
[16:39:25] [main/WARN]: Error loading class: dev/isxander/controlify/virtualmouse/VirtualMouseHandler (java.lang.ClassNotFoundException: dev/isxander/controlify/virtualmouse/VirtualMouseHandler)
[16:39:25] [main/WARN]: @Mixin target dev.isxander.controlify.virtualmouse.VirtualMouseHandler was not found mixins.ipnext.json:MixinVirtualMouseHandler from mod inventoryprofilesnext
[16:39:25] [main/WARN]: Force-disabling mixin 'features.render.world.sky.FogRendererMixin' as rule 'mixin.features.render.world.sky' (added by mods [iris]) disables it and children
[16:39:25] [main/WARN]: Force-disabling mixin 'features.render.world.sky.ClientLevelMixin' as rule 'mixin.features.render.world.sky' (added by mods [iris]) disables it and children
[16:39:25] [main/WARN]: Force-disabling mixin 'features.render.world.sky.LevelRendererMixin' as rule 'mixin.features.render.world.sky' (added by mods [iris]) disables it and children
[16:39:25] [main/INFO]: Searching for graphics cards...
[16:39:25] [main/INFO]: Found graphics adapter: AdapterInfo{vendor=NVIDIA, description='NVIDIA GeForce RTX 4060 Laptop GPU', adapterType=0x00002313, openglIcdFilePath='C:\WINDOWS\System32\DriverStore\FileRepository\nvaci.inf_amd64_4050e8d1cfd46967\nvoglv64.dll', openglIcdVersion=32.0.15.7688}
[16:39:25] [main/INFO]: Found graphics adapter: AdapterInfo{vendor=INTEL, description='Intel(R) UHD Graphics 770', adapterType=0x0000232B, openglIcdFilePath='C:\WINDOWS\System32\DriverStore\FileRepository\iigd_dch.inf_amd64_89db58ae936de7ec\igxelpicd64.dll', openglIcdVersion=31.0.101.4146}
[16:39:25] [main/WARN]: Sodium has applied one or more workarounds to prevent crashes or other issues on your system: [NVIDIA_THREADED_OPTIMIZATIONS_BROKEN]
[16:39:25] [main/WARN]: This is not necessarily an issue, but it may result in certain features or optimizations being disabled. You can sometimes fix these issues by upgrading your graphics driver.
[16:39:25] [main/INFO]: Initializing MixinExtras via com.llamalad7.mixinextras.service.MixinExtrasServiceImpl(version=0.4.1).
[16:39:26] [main/INFO]: ThreadTweak config initialized
[16:39:27] [Datafixer Bootstrap/INFO]: 226 Datafixer optimizations took 300 milliseconds
[16:39:27] [main/WARN]: @Final field field_22786:Ljava/util/List; in mixins.ipnext.json:MixinScreen from mod inventoryprofilesnext should be final
[16:39:27] [main/WARN]: @Final field field_33815:Ljava/util/List; in mixins.ipnext.json:MixinScreen from mod inventoryprofilesnext should be final
[16:39:28] [main/INFO]: Injecting BlockStateBase cache population hook into getOpacityIfCached from ca.spottedleaf.starlight.mixin.common.blockstate.BlockStateBaseMixin
[16:39:28] [main/INFO]: Injecting BlockStateBase cache population hook into isConditionallyFullOpaque from ca.spottedleaf.starlight.mixin.common.blockstate.BlockStateBaseMixin
[16:39:28] [main/WARN]: Method overwrite conflict for method_21740 in modernfix-common.mixins.json:perf.remove_biome_temperature_cache.BiomeMixin from mod modernfix, previously written by net.caffeinemc.mods.lithium.mixin.world.temperature_cache.BiomeMixin. Skipping method.
[16:39:30] [main/INFO]: Vanilla bootstrap took 2910 milliseconds
[16:39:30] [Render thread/INFO]: Environment: Environment[sessionHost=https://sessionserver.mojang.com, servicesHost=https://api.minecraftservices.com, name=PROD]
[16:39:30] [Render thread/INFO]: Setting user: Annihilation
[16:39:31] [Render thread/INFO]: Using default implementation for ThreadExecutor
[16:39:31] [Render thread/INFO]: Initialized Scheduler Signaller of type: class net.creeperhost.ftbbackups.repack.org.quartz.core.SchedulerSignalerImpl
[16:39:31] [Render thread/INFO]: Quartz Scheduler v.2.0.2 created.
[16:39:31] [Render thread/INFO]: RAMJobStore initialized.
[16:39:31] [Render thread/INFO]: Scheduler meta-data: Quartz Scheduler (v2.0.2) 'ftbbackups2' with instanceId 'NON_CLUSTERED'
  Scheduler class: 'net.creeperhost.ftbbackups.repack.org.quartz.core.QuartzScheduler' - running locally.
  NOT STARTED.
  Currently in standby mode.
  Number of jobs executed: 0
  Using thread pool 'net.creeperhost.ftbbackups.repack.org.quartz.simpl.SimpleThreadPool' - with 1 threads.
  Using job-store 'net.creeperhost.ftbbackups.repack.org.quartz.simpl.RAMJobStore' - which does not support persistence. and is not clustered.

[16:39:31] [Render thread/INFO]: Quartz scheduler 'ftbbackups2' initialized from an externally provided properties instance.
[16:39:31] [Render thread/INFO]: Quartz scheduler version: 2.0.2
[16:39:31] [Render thread/INFO]: Scheduler ftbbackups2_$_NON_CLUSTERED started.
[16:39:31] [Render thread/INFO]: Registering S2C receiver with id ftbessentials:update_tab_name
[16:39:31] [Render thread/INFO]: Registering S2C receiver with id ftblibrary:edit_config
[16:39:31] [Render thread/INFO]: Registering S2C receiver with id ftblibrary:edit_config_choice_packet
[16:39:31] [Render thread/INFO]: Registering S2C receiver with id ftblibrary:edit_nbt
[16:39:31] [Render thread/INFO]: Registering S2C receiver with id ftblibrary:sync_known_server_registries
[16:39:31] [Render thread/INFO]: Registering S2C receiver with id ftblibrary:sync_config_from_server_packet
[16:39:31] [Render thread/INFO]: Registering S2C receiver with id ftblibrary:sidebar_button_visibility
[16:39:31] [Render thread/INFO]: Registering S2C receiver with id ftblibrary:sync_game_stage
[16:39:31] [Render thread/INFO]: Registering C2S receiver with id ftblibrary:edit_nbt_response
[16:39:31] [Render thread/INFO]: Registering C2S receiver with id ftblibrary:sync_config_to_server_packet
[16:39:31] [Render thread/WARN]: Signature is missing
[16:39:31] [Render thread/INFO]: Modern UI common config loaded/reloaded
[16:39:31] [Render thread/INFO]: Initialized Modern UI
[16:39:31] [Render thread/INFO]: Loading Noisium.
[16:39:32] [Render thread/INFO]: Registering S2C receiver with id polylib:container_client
[16:39:32] [Render thread/INFO]: Registering S2C receiver with id polylib:tile_client
[16:39:32] [Render thread/INFO]: Registering C2S receiver with id polylib:container_packet_server
[16:39:32] [Render thread/INFO]: Registering C2S receiver with id polylib:tile_data_server
[16:39:32] [Render thread/INFO]: Registering C2S receiver with id polylib:tile_packet_server
[16:39:32] [Render thread/INFO]: Registering S2C receiver with id architectury:spawn_entity_packet
[16:39:32] [Render thread/INFO]: [Indigo] Different rendering plugin detected; not applying Indigo.
[16:39:33] [Download-2/ERROR]: Failed to fetch user properties
com.mojang.authlib.exceptions.InvalidCredentialsException: Status: 401
	at knot/com.mojang.authlib.exceptions.MinecraftClientHttpException.toAuthenticationException(MinecraftClientHttpException.java:59) ~[authlib-6.0.54.jar:?]
	at knot/com.mojang.authlib.yggdrasil.YggdrasilUserApiService.fetchProperties(YggdrasilUserApiService.java:150) ~[authlib-6.0.54.jar:?]
	at knot/net.minecraft.class_310.method_55608(class_310.java:458) ~[client-intermediary.jar:?]
	at java.base/java.util.concurrent.CompletableFuture$AsyncSupply.run(CompletableFuture.java:1768) ~[?:?]
	at java.base/java.util.concurrent.ThreadPoolExecutor.runWorker(ThreadPoolExecutor.java:1144) ~[?:?]
	at java.base/java.util.concurrent.ThreadPoolExecutor$Worker.run(ThreadPoolExecutor.java:642) ~[?:?]
	at java.base/java.lang.Thread.run(Thread.java:1583) [?:?]
Caused by: com.mojang.authlib.exceptions.MinecraftClientHttpException: Status: 401
	at knot/com.mojang.authlib.minecraft.client.MinecraftClient.readInputStream(MinecraftClient.java:100) ~[authlib-6.0.54.jar:?]
	at knot/com.mojang.authlib.minecraft.client.MinecraftClient.get(MinecraftClient.java:57) ~[authlib-6.0.54.jar:?]
	at knot/com.mojang.authlib.yggdrasil.YggdrasilUserApiService.fetchProperties(YggdrasilUserApiService.java:121) ~[authlib-6.0.54.jar:?]
	... 5 more
[16:39:36] [Render thread/INFO]: Modern UI client config loaded/reloaded
[16:39:36] [Render thread/INFO]: Modern UI text config loaded/reloaded
[16:39:36] [Render thread/INFO]: Created TextLayoutEngine
[16:39:36] [Render thread/INFO]: Created MuiFabricApi
[16:39:36] [Render thread/INFO]: Initialized Modern UI text engine
[16:39:36] [Render thread/INFO]: Initialized Modern UI client
[16:39:36] [Render thread/INFO]: Checking mod updates...
[16:39:37] [Render thread/INFO]: Loading Xaero's Minimap - Stage 1/2
[16:39:37] [Render thread/INFO]: Loading Xaero's World Map - Stage 1/2
[16:39:38] [ModMenu/Update Checker/Fabric Loader/INFO]: Update available for 'fabricloader@0.16.13'
[16:39:38] [Worker-Main-1/INFO]: Update available for 'fabric-api@0.115.6+1.21.1', (-> 0.116.7+1.21.1)
[16:39:38] [Worker-Main-1/INFO]: Update available for 'modernfix@5.21.0+mc1.21.1', (-> 5.25.1+mc1.21.1)
[16:39:38] [Worker-Main-1/INFO]: Update available for 'badoptimizations@2.2.1', (-> 2.3.1)
[16:39:38] [Worker-Main-1/INFO]: Update available for 'entityculling@1.7.4', (-> 1.9.3)
[16:39:38] [Worker-Main-1/INFO]: Update available for 'scalablelux@0.1.0+fabric.26c6e72', (-> 0.1.0.1+fabric.d0d58ab)
[16:39:38] [Worker-Main-1/INFO]: Update available for 'immediatelyfast@1.6.5+1.21.1', (-> 1.6.7+1.21.1-fabric)
[16:39:39] [Render thread/INFO]: Backend library: LWJGL version 3.3.3-snapshot
[16:39:39] [Render thread/INFO]: Promoted to OpenGL 4.6 Core Profile
[16:39:39] [Render thread/INFO]: Modifying process environment to apply workarounds for the NVIDIA graphics driver...
[16:39:39] [Render thread/INFO]: OpenGL Vendor: NVIDIA Corporation
[16:39:39] [Render thread/INFO]: OpenGL Renderer: NVIDIA GeForce RTX 4060 Laptop GPU/PCIe/SSE2
[16:39:39] [Render thread/INFO]: OpenGL Version: 4.6.0 NVIDIA 576.88
[16:39:39] [Render thread/INFO]: Modifying OpenGL context to apply workarounds for the NVIDIA graphics driver...
[16:39:39] [Render thread/INFO]: Enabling GL_DEBUG_OUTPUT_SYNCHRONOUS to force the NVIDIA driver to disable threadedcommand submission
[16:39:39] [Render thread/INFO]: Initializing ImmediatelyFast 1.6.5+1.21.1 on NVIDIA GeForce RTX 4060 Laptop GPU/PCIe/SSE2 (NVIDIA Corporation) with OpenGL 4.6.0 NVIDIA 576.88
[16:39:39] [Render thread/INFO]: Found Iris/Oculus 1.8.8+mc1.21.1. Enabling compatibility.
[16:39:40] [Render thread/INFO]: Identified OpenGL vendor: NVIDIA
[16:39:40] [Render thread/INFO]: Identified OpenGL driver: NVIDIA
[16:39:40] [Render thread/INFO]: Using OpenGL 4.6 and GLSL 4.50
[16:39:40] [Render thread/INFO]: Use NV_conservative_raster
[16:39:40] [Render thread/INFO]: Use NV_blend_equation_advanced_coherent
[16:39:40] [Render thread/INFO]: OpenGL vendor: NVIDIA Corporation
[16:39:40] [Render thread/INFO]: OpenGL renderer: NVIDIA GeForce RTX 4060 Laptop GPU/PCIe/SSE2
[16:39:40] [Render thread/INFO]: OpenGL version: 4.6.0 NVIDIA 576.88
[16:39:40] [Render thread/INFO]: OpenGL caps: 
AnisotropySupport: true
GpuTracingSupport: false
ConservativeRasterSupport: true
TextureBarrierSupport: true
DepthClipNegativeOneToOne: true
BlendEquationSupport: ADVANCED_COHERENT
ClampToBorderSupport: true
MaxRenderTargetSize: 32768
MaxPreferredRenderTargetSize: 32768
MaxVertexAttributes: 16
MaxVertexBindings: 16
MaxTextureSize: 32768
MaxPushConstantsSize: 0
MaxColorAttachments: 8
MinUniformBufferOffsetAlignment: 256
MinStorageBufferOffsetAlignment: 16
ShaderCaps:
	TargetAPI: OPENGL_4_5
	GLSLVersion: GLSL_450
	SPIRVVersion: null
	FMASupport: true
	DualSourceBlendingSupport: true
	PreferFlatInterpolation: true
	VertexIDSupport: true
	InfinitySupport: true
	NonConstantArrayIndexSupport: true
	BitManipulationSupport: true
	NoPerspectiveInterpolationSupport: true
	ReducedShaderMode: false
	TextureQueryLod: true
	UseUniformBinding: true
	UseVaryingLocation: true
	UseBlockMemberOffset: true
	UsePrecisionModifiers: false
	RequiresLocalOutputColorForFBFetch: false
	MustObfuscateUniformColor: false
	MustWriteToFragColor: false
	ColorSpaceMathNeedsFloat: false
	AvoidDfDxForGradientsWhenPossible: false
	SecondaryOutputExtension: null
	AdvBlendEqInteraction: 1
	MaxFragmentSamplers: 32
Vendor: NVIDIA
Driver: NVIDIA
MaxFragmentUniformVectors: 1024
MaxTextureMaxAnisotropy: 16.0
SupportsProtected: false
SkipErrorChecks: true
MaxLabelLength: 256
DebugSupport: true
BufferStorageSupport: true
DrawElementsBaseVertexSupport: true
BaseInstanceSupport: true
DSASupport: true
InvalidateBufferType: 2
InvalidateFramebufferSupport: true
VertexAttribBindingSupport: true
CopyImageSupport: true
SPIRVSupport: false
ViewCompatibilityClassSupport: true
TexStorageSupport: true
ProgramBinarySupport: true
ProgramBinaryFormats: [36385]
GLSLVersion: 460
ColorTypeToBackendFormat:
	UNKNOWN=>GLenum [0x0]
	BGR_565=>RGB565
	R_8=>R8
	RG_88=>RG8
	RGB_888=>RGB8
	RGBX_8888=>GLenum [0x0]
	RGBA_8888=>RGBA8
	BGRA_8888=>RGBA8
	RGBA_8888_SRGB=>SRGB8_ALPHA8
	RGBA_1010102=>RGB10_A2
	BGRA_1010102=>RGB10_A2
	R_16=>GLenum [0x0]
	R_F16=>GLenum [0x0]
	RG_1616=>RG16
	RG_F16=>RG16F
	RGBA_16161616=>RGBA16
	RGBA_F16=>RGBA16F
	RGBA_F16_CLAMPED=>RGBA16F
	RGBA_F32=>GLenum [0x0]
	ALPHA_8=>R8
	ALPHA_16=>R16
	ALPHA_F16=>R16F
	GRAY_8=>R8
	GRAY_ALPHA_88=>RG8
	ABGR_8888=>GLenum [0x0]
	ARGB_8888=>GLenum [0x0]
CompressionTypeToBackendFormat: [null, {mBackend=OpenGL, mFormat=ETC2}, {mBackend=OpenGL, mFormat=RGB8_BC1}, {mBackend=OpenGL, mFormat=RGBA8_BC1}]

[16:39:40] [Render thread/INFO]: UI manager initialized
[16:39:40] [Render thread/INFO]: Debug functionality is disabled.
[16:39:40] [Render thread/INFO]: OpenGL 4.5 detected, enabling DSA.
[16:39:40] [Render thread/INFO]: Shaders are disabled because no valid shaderpack is selected
[16:39:40] [Render thread/INFO]: Hardware information:
[16:39:40] [Render thread/INFO]: CPU: 20x 13th Gen Intel(R) Core(TM) i5-13500HX
[16:39:40] [Render thread/INFO]: GPU: NVIDIA GeForce RTX 4060 Laptop GPU/PCIe/SSE2 (Supports OpenGL 4.6.0 NVIDIA 576.88)
[16:39:40] [Render thread/INFO]: OS: Windows 11 (10.0)
[16:39:40] [UI thread/INFO]: UI thread initialized in 484ms
[16:39:40] [Render thread/INFO]: Preloaded modern text shaders
[16:39:40] [Render thread/INFO]: Invalidating pack caches
[16:39:40] [Render thread/INFO]: Reloading ResourceManager: vanilla, fabric, badoptimizations, c2me, cloth-config, conditional-mixin, enhancedblockentities, entityculling, fabric-api, fabric-api-base, fabric-api-lookup-api-v1, fabric-biome-api-v1, fabric-block-api-v1, fabric-block-view-api-v2, fabric-blockrenderlayer-v1, fabric-client-tags-api-v1, fabric-command-api-v1, fabric-command-api-v2, fabric-commands-v0, fabric-content-registries-v0, fabric-convention-tags-v1, fabric-convention-tags-v2, fabric-crash-report-info-v1, fabric-data-attachment-api-v1, fabric-data-generation-api-v1, fabric-dimensions-v1, fabric-entity-events-v1, fabric-events-interaction-v0, fabric-game-rule-api-v1, fabric-item-api-v1, fabric-item-group-api-v1, fabric-key-binding-api-v1, fabric-keybindings-v0, fabric-language-kotlin, fabric-lifecycle-events-v1, fabric-loot-api-v2, fabric-loot-api-v3, fabric-message-api-v1, fabric-model-loading-api-v1, fabric-networking-api-v1, fabric-object-builder-api-v1, fabric-particles-v1, fabric-recipe-api-v1, fabric-registry-sync-v0, fabric-renderer-api-v1, fabric-renderer-indigo, fabric-renderer-registries-v1, fabric-rendering-data-attachment-v1, fabric-rendering-fluids-v1, fabric-rendering-v0, fabric-rendering-v1, fabric-resource-conditions-api-v1, fabric-resource-loader-v0, fabric-screen-api-v1, fabric-screen-handler-api-v1, fabric-sound-api-v1, fabric-transfer-api-v1, fabric-transitive-access-wideners-v1, fabricloader, forgeconfigapiport, ftbbackups2, ftbessentials, ftblibrary, immediatelyfast, inventoryprofilesnext, iris, libipn, lithium, modernfix, modernui, modmenu, moreculling, nochatreports, noisium, placeholder-api, polylib, scalablelux, sodium, threadtweak, vmp, xaerominimap, xaeroworldmap, file/Minecraft-Mod-Language-Modpack-Converted-1.21.1.zip
[16:39:40] [Worker-ResourceReload-7/INFO]: Scanned emoji shortcodes: 6923
[16:39:41] [Render thread/INFO]: Cached all modded block culling states
[16:39:41] [FTB Backups Config Watcher 0/INFO]: Config at D:\Minecraft\PCL\.minecraft\versions\湖经Minecraft万事屋\config\ftbbackups2.json has changed, reloaded!
[16:39:42] [ForkJoinPool.commonPool-worker-1/WARN]: [Iris Update Check] This version doesn't have an update index, skipping.
[16:39:42] [Worker-ResourceReload-9/INFO]: Scanned emoji map size: 3581
[16:39:42] [Download-1/ERROR]: Failed to retrieve profile key pair
com.mojang.authlib.exceptions.MinecraftClientHttpException: Status: 401
	at knot/com.mojang.authlib.minecraft.client.MinecraftClient.readInputStream(MinecraftClient.java:100) ~[authlib-6.0.54.jar:?]
	at knot/com.mojang.authlib.minecraft.client.MinecraftClient.post(MinecraftClient.java:65) ~[authlib-6.0.54.jar:?]
	at knot/com.mojang.authlib.yggdrasil.YggdrasilUserApiService.getKeyPair(YggdrasilUserApiService.java:61) ~[authlib-6.0.54.jar:?]
	at knot/net.minecraft.class_7434.method_43605(class_7434.java:129) ~[client-intermediary.jar:?]
	at knot/net.minecraft.class_7434.method_44291(class_7434.java:77) ~[client-intermediary.jar:?]
	at java.base/java.util.concurrent.CompletableFuture$AsyncSupply.run(CompletableFuture.java:1768) ~[?:?]
	at java.base/java.util.concurrent.ThreadPoolExecutor.runWorker(ThreadPoolExecutor.java:1144) ~[?:?]
	at java.base/java.util.concurrent.ThreadPoolExecutor$Worker.run(ThreadPoolExecutor.java:642) ~[?:?]
	at java.base/java.lang.Thread.run(Thread.java:1583) [?:?]
[16:39:42] [Render thread/INFO]: UI renderer initialized
[16:39:42] [Render thread/INFO]: Loading Xaero's World Map - Stage 2/2
[16:39:42] [Render thread/INFO]: New world map region cache hash code: 731692769
[16:39:42] [Render thread/INFO]: Registered player tracker system: map_synced
[16:39:42] [Render thread/INFO]: Xaero's WorldMap Mod: Xaero's minimap found!
[16:39:42] [Render thread/INFO]: Registered player tracker system: minimap_synced
[16:39:42] [Render thread/INFO]: No Optifine!
[16:39:42] [Render thread/INFO]: Xaero's World Map: No Vivecraft!
[16:39:42] [Render thread/INFO]: Xaero's World Map: Iris found!
[16:39:42] [Render thread/INFO]: Loaded smart SDF text shaders
[16:39:42] [Render thread/INFO]: Reloaded text layout engine, res level: 2 to 3, locale: zh_CN, layout RTL: false
[16:39:42] [Worker-ResourceReload-12/INFO]: Dynamic model bakery loading finished, with 195 permanent top level models
[16:39:42] [Render thread/INFO]: Loading Xaero's Minimap - Stage 2/2
[16:39:42] [ForkJoinPool.commonPool-worker-4/INFO]: Redirect registered font 'mui-i18n-compat' to 'modernui:mui-i18n-compat'
[16:39:42] [ForkJoinPool.commonPool-worker-4/INFO]: Registered font 'mui-i18n-compat', location 'modernui:font/muii18ncompat/muii18ncompat.ttf' in pack: 'modernui'
[16:39:42] [ForkJoinPool.commonPool-worker-5/WARN]: Failed to lookup in registered fonts, original font: java.awt.Font[family=思源黑体 CN Medium,name=思源黑体 CN Medium,style=plain,size=1], full name: 思源黑体 CN Medium
[16:39:42] [ForkJoinPool.commonPool-worker-5/INFO]: Redirect registered font 'Source Han Sans CN Medium' to 'modernui:source-han-sans-cn-medium'
[16:39:42] [ForkJoinPool.commonPool-worker-5/INFO]: Registered font 'Source Han Sans CN Medium', location 'modernui:font/source-han-sans-cn-medium.otf' in pack: 'modernui'
[16:39:42] [ForkJoinPool.commonPool-worker-1/INFO]: Redirect registered font 'Inter Frozen Medium' to 'modernui:inter-frozen-medium'
[16:39:42] [ForkJoinPool.commonPool-worker-1/INFO]: Registered font 'Inter Frozen Medium', location 'modernui:font/inter-frozen-medium-italic.otf' in pack: 'modernui'
[16:39:42] [ForkJoinPool.commonPool-worker-2/INFO]: Registered font 'Inter Frozen Medium', location 'modernui:font/inter-frozen-medium.otf' in pack: 'modernui'
[16:39:42] [ForkJoinPool.commonPool-worker-3/INFO]: Redirect registered font 'JetBrains Mono Medium' to 'modernui:jetbrains-mono-medium'
[16:39:42] [ForkJoinPool.commonPool-worker-3/INFO]: Registered font 'JetBrains Mono Medium', location 'modernui:font/jetbrains-mono-medium.ttf' in pack: 'modernui'
[16:39:42] [Worker-ResourceReload-8/INFO]: Font 'Noto Sans' failed to load or invalid
[16:39:42] [Worker-ResourceReload-8/INFO]: Font 'San Francisco' failed to load or invalid
[16:39:42] [Worker-ResourceReload-8/INFO]: Font 'Open Sans' failed to load or invalid
[16:39:42] [Worker-ResourceReload-8/INFO]: Font 'STHeiti' failed to load or invalid
[16:39:42] [Worker-ResourceReload-8/INFO]: Loaded typeface: FontCollection{mFamilies=[Microsoft YaHei, Source Han Sans CN Medium, Segoe UI Variable, Segoe UI, SimHei, Segoe UI Symbol, mui-i18n-compat], mExclusiveEastAsianBits=null}
[16:39:43] [Worker-ResourceReload-8/INFO]: Loaded raw font 'minecraft:alt' in pack: 'vanilla'
[16:39:43] [Worker-ResourceReload-8/INFO]: Loaded raw font bundle: 'minecraft:font/alt.json', font set: [minecraft:include/space,minecraft:font/ascii_sga.png]
[16:39:43] [Worker-ResourceReload-8/INFO]: Loaded raw font 'minecraft:default' in pack: 'vanilla'
[16:39:43] [Worker-ResourceReload-8/INFO]: Loaded raw font 'minecraft:default' in pack: 'file/Minecraft-Mod-Language-Modpack-Converted-1.21.1.zip'
[16:39:43] [Worker-ResourceReload-8/INFO]: Loaded raw font bundle: 'minecraft:font/default.json', font set: [minecraft:include/space,minecraft:include/default,minecraft:include/cjk-punctuations]
[16:39:43] [Worker-ResourceReload-8/INFO]: Loaded raw font 'minecraft:illageralt' in pack: 'vanilla'
[16:39:43] [Worker-ResourceReload-8/INFO]: Loaded raw font bundle: 'minecraft:font/illageralt.json', font set: [minecraft:include/space,minecraft:font/asciillager.png]
[16:39:43] [Worker-ResourceReload-8/INFO]: Loaded raw font 'minecraft:include/cjk-punctuations' in pack: 'file/Minecraft-Mod-Language-Modpack-Converted-1.21.1.zip'
[16:39:43] [Worker-ResourceReload-8/INFO]: Loaded raw font bundle: 'minecraft:font/include/cjk-punctuations.json', font set: [minecraft:font/element_ideographs.png,minecraft:font/cjk_punctuations.png,minecraft:font/ellipsis.png,minecraft:font/2em_dash.png]
[16:39:43] [Worker-ResourceReload-8/INFO]: Loaded raw font 'minecraft:include/default' in pack: 'vanilla'
[16:39:43] [Worker-ResourceReload-8/INFO]: Loaded raw font bundle: 'minecraft:font/include/default.json', font set: [minecraft:font/nonlatin_european.png,minecraft:font/accented.png,minecraft:font/ascii.png]
[16:39:43] [Worker-ResourceReload-8/INFO]: Loaded raw font 'minecraft:include/space' in pack: 'vanilla'
[16:39:43] [Worker-ResourceReload-8/INFO]: Loaded raw font bundle: 'minecraft:font/include/space.json', font set: [minecraft:include/space / minecraft:space]
[16:39:43] [Worker-ResourceReload-8/INFO]: Loaded font: 'minecraft:include/space', font set: [minecraft:include/space / minecraft:space]
[16:39:43] [Worker-ResourceReload-8/INFO]: Loaded font: 'minecraft:include/default', font set: [minecraft:font/nonlatin_european.png,minecraft:font/accented.png,minecraft:font/ascii.png]
[16:39:43] [Worker-ResourceReload-8/INFO]: Loaded font: 'minecraft:include/cjk-punctuations', font set: [minecraft:font/element_ideographs.png,minecraft:font/cjk_punctuations.png,minecraft:font/ellipsis.png,minecraft:font/2em_dash.png]
[16:39:43] [Worker-ResourceReload-8/INFO]: Loaded font: 'minecraft:default', font set: [minecraft:include/space / minecraft:space,minecraft:font/nonlatin_european.png,minecraft:font/accented.png,minecraft:font/ascii.png,minecraft:font/element_ideographs.png,minecraft:font/cjk_punctuations.png,minecraft:font/ellipsis.png,minecraft:font/2em_dash.png]
[16:39:43] [Worker-ResourceReload-8/INFO]: Loaded font: 'minecraft:illageralt', font set: [minecraft:include/space / minecraft:space,minecraft:font/asciillager.png]
[16:39:43] [Worker-ResourceReload-8/INFO]: Loaded font: 'minecraft:alt', font set: [minecraft:include/space / minecraft:space,minecraft:font/ascii_sga.png]
[16:39:43] [Worker-ResourceReload-17/INFO]: Dynamic model bakery initial baking finished, with 195 permanent top level baked models
[16:39:43] [Render thread/INFO]: Registered player tracker system: minimap_synced
[16:39:43] [Render thread/INFO]: Xaero's Minimap: World Map found!
[16:39:43] [Render thread/INFO]: No Optifine!
[16:39:43] [Render thread/INFO]: Xaero's Minimap: No Vivecraft!
[16:39:43] [Render thread/INFO]: Xaero's Minimap: Iris found!
[16:39:44] [Render thread/WARN]: Skipped language file: isometric-renders:lang/zh_cn.json (com.google.gson.JsonSyntaxException: Expected key.isometric-renders.area_select to be a string, was an array (["",...域"]))
[16:39:44] [Render thread/WARN]: Skipped language file: mythicmetals:lang/zh_cn.json (com.google.gson.JsonSyntaxException: Expected tooltip.mythril_drill.upgrade_tip to be a string, was an array ([{"t..."}]))
[16:39:44] [Render thread/WARN]: Skipped language file: minecells:lang/zh_cn.json (com.google.gson.JsonSyntaxException: Expected chat.minecells.wipe_try to be a string, was an array (["\n...n"]))
[16:39:44] [Render thread/WARN]: Missing sound for event: minecraft:item.goat_horn.play
[16:39:44] [Render thread/WARN]: Missing sound for event: minecraft:entity.goat.screaming.horn_break
[16:39:45] [Render thread/INFO]: OpenAL initialized on device OpenAL Soft on 耳机 (Realtek(R) Audio)
[16:39:45] [Render thread/INFO]: Sound engine started
[16:39:45] [Render thread/INFO]: Font 'Noto Sans' failed to load or invalid
[16:39:45] [Render thread/INFO]: Font 'San Francisco' failed to load or invalid
[16:39:45] [Render thread/INFO]: Font 'Open Sans' failed to load or invalid
[16:39:45] [Render thread/INFO]: Font 'STHeiti' failed to load or invalid
[16:39:45] [Render thread/INFO]: Reloaded typeface: FontCollection{mFamilies=[Google Noto Color Emoji, Microsoft YaHei, Source Han Sans CN Medium, Segoe UI Variable, Segoe UI, SimHei, Segoe UI Symbol, mui-i18n-compat], mExclusiveEastAsianBits=null}
[16:39:45] [Render thread/INFO]: Reloaded glyph manager
[16:39:45] [Render thread/INFO]: Reloaded text layout engine, res level: 3 to 3, locale: zh_CN, layout RTL: false
[16:39:45] [Render thread/INFO]: Created: 1024x1024x4 minecraft:textures/atlas/blocks.png-atlas
[16:39:45] [Render thread/INFO]: Created: 256x256x4 minecraft:textures/atlas/signs.png-atlas
[16:39:45] [Render thread/INFO]: Created: 512x512x4 minecraft:textures/atlas/banner_patterns.png-atlas
[16:39:45] [Render thread/INFO]: Created: 512x512x4 minecraft:textures/atlas/shield_patterns.png-atlas
[16:39:45] [Render thread/INFO]: Created: 1024x1024x4 minecraft:textures/atlas/armor_trims.png-atlas
[16:39:45] [Render thread/INFO]: Created: 256x256x4 minecraft:textures/atlas/chest.png-atlas
[16:39:45] [Render thread/INFO]: Created: 128x64x4 minecraft:textures/atlas/decorated_pot.png-atlas
[16:39:45] [Render thread/INFO]: Created: 512x256x4 minecraft:textures/atlas/beds.png-atlas
[16:39:45] [Render thread/INFO]: Created: 512x256x4 minecraft:textures/atlas/shulker_boxes.png-atlas
[16:39:45] [Render thread/INFO]: Dynamic entity renderer hook setup
[16:39:45] [Render thread/INFO]: Created: 512x256x0 minecraft:textures/atlas/particles.png-atlas
[16:39:45] [Render thread/INFO]: Created: 512x256x0 minecraft:textures/atlas/paintings.png-atlas
[16:39:45] [Render thread/INFO]: Created: 256x128x0 minecraft:textures/atlas/mob_effects.png-atlas
[16:39:45] [Render thread/INFO]: Created: 64x64x0 minecraft:textures/atlas/map_decorations.png-atlas
[16:39:45] [Render thread/INFO]: Created: 1024x512x0 minecraft:textures/atlas/gui.png-atlas
[16:39:45] [Render thread/WARN]: Shader rendertype_entity_translucent_emissive could not find sampler named Sampler2 in the specified shader program.
[16:39:45] [Render thread/INFO]: Created: 512x256x0 polylib:textures/atlas/gui.png-atlas
[16:39:46] [Render thread/INFO]: Successfully reloaded the minimap shaders!
[16:39:46] [Render thread/INFO]: Successfully reloaded the world map shaders!
[16:39:46] [Render thread/INFO]: Creating pipeline for dimension minecraft:overworld
[16:39:46] [IO-Worker-1/INFO]: Could not authorize you against Realms server: java.lang.RuntimeException: Failed to parse into SignedJWT: 000000000000300C99A39E5ADE3A5C12
[16:39:46] [IO-Worker-1/ERROR]: Couldn't connect to realms
net.minecraft.class_4355: Realms authentication error with message 'java.lang.RuntimeException: Failed to parse into SignedJWT: 000000000000300C99A39E5ADE3A5C12'
	at knot/net.minecraft.class_4341.method_20998(class_4341.java:447) ~[client-intermediary.jar:?]
	at knot/net.minecraft.class_4341.method_21027(class_4341.java:232) ~[client-intermediary.jar:?]
	at knot/net.minecraft.class_8647.method_52627(class_8647.java:51) ~[client-intermediary.jar:?]
	at java.base/java.util.concurrent.CompletableFuture$AsyncSupply.run(CompletableFuture.java:1768) ~[?:?]
	at java.base/java.util.concurrent.ThreadPoolExecutor.runWorker(ThreadPoolExecutor.java:1144) ~[?:?]
	at java.base/java.util.concurrent.ThreadPoolExecutor$Worker.run(ThreadPoolExecutor.java:642) ~[?:?]
	at java.base/java.lang.Thread.run(Thread.java:1583) [?:?]
[16:39:48] [Render thread/WARN]: Game took 25.608 seconds to start
[16:39:48] [Worker-ResourceReload-17/INFO]: Force-loading class net.minecraft.class_9768
[16:39:48] [Worker-ResourceReload-17/INFO]: Force-loading class net.caffeinemc.mods.sodium.client.render.chunk.vertex.builder.ChunkMeshBufferBuilder
[16:39:48] [Worker-ResourceReload-17/INFO]: Force-loading class net.minecraft.class_6686$class_6694
[16:39:48] [Worker-ResourceReload-17/INFO]: Force-loading class net.minecraft.class_8791
[16:39:48] [Worker-ResourceReload-17/INFO]: Force-loading class net.minecraft.class_9761
[16:39:48] [Worker-ResourceReload-17/INFO]: Force-loading class net.minecraft.class_6568$1
[16:39:48] [Worker-ResourceReload-17/INFO]: Force-loading class net.minecraft.class_853
[16:39:48] [Worker-ResourceReload-17/INFO]: Force-loading class net.minecraft.class_3421
[16:39:48] [Worker-ResourceReload-17/INFO]: Force-loading class net.minecraft.class_846$class_851
[16:39:48] [Worker-ResourceReload-17/INFO]: Force-loading class net.minecraft.class_3204$class_3948
[16:39:48] [Worker-ResourceReload-17/INFO]: Force-loading class net.minecraft.class_7237
[16:39:48] [Worker-ResourceReload-17/INFO]: Force-loading class net.fabricmc.fabric.api.renderer.v1.model.ForwardingBakedModel
[16:39:48] [Worker-ResourceReload-17/INFO]: Force-loading class net.minecraft.class_5294
[16:39:48] [Worker-ResourceReload-17/INFO]: Force-loading class net.minecraft.class_6540$class_6541
[16:39:48] [Worker-ResourceReload-17/INFO]: Force-loading class net.minecraft.class_9770
[16:39:48] [Worker-ResourceReload-17/INFO]: Force-loading class net.caffeinemc.mods.sodium.client.render.chunk.compile.buffers.ChunkVertexConsumer
[16:39:48] [Worker-ResourceReload-17/INFO]: Force-loading class net.minecraft.class_1258
[16:39:48] [Worker-ResourceReload-17/INFO]: Force-loading class net.caffeinemc.mods.sodium.client.render.chunk.RenderSectionManager
[16:39:48] [Worker-ResourceReload-17/INFO]: Force-loading class net.minecraft.class_1927
[16:39:48] [Worker-ResourceReload-17/INFO]: Force-loading class net.minecraft.class_1928
[16:39:48] [Worker-ResourceReload-17/INFO]: Force-loading class net.minecraft.class_3390$class_3404
[16:39:48] [Worker-ResourceReload-17/INFO]: Force-loading class net.minecraft.class_4618$class_4586
[16:39:48] [Worker-ResourceReload-17/INFO]: Force-loading class net.minecraft.class_7591
[16:39:48] [Worker-ResourceReload-17/INFO]: Force-loading class net.minecraft.class_4296
[16:39:48] [Worker-ResourceReload-17/INFO]: Force-loading class net.caffeinemc.mods.sodium.client.gui.SodiumOptionsGUI
[16:39:48] [Worker-ResourceReload-17/INFO]: Force-loading class net.minecraft.class_1928$class_4310
[16:39:48] [Worker-ResourceReload-17/INFO]: Force-loading class net.minecraft.class_2797
[16:39:48] [Worker-ResourceReload-17/INFO]: Force-loading class net.minecraft.class_631
[16:39:48] [Worker-ResourceReload-17/INFO]: Force-loading class net.minecraft.class_3765
[16:39:48] [Worker-ResourceReload-17/INFO]: Force-loading class net.minecraft.class_1928$class_4312
[16:39:48] [Worker-ResourceReload-17/INFO]: Force-loading class net.minecraft.class_2674
[16:39:48] [Worker-ResourceReload-17/INFO]: Force-loading class net.minecraft.class_1928$class_4313
[16:39:48] [Worker-ResourceReload-17/INFO]: Force-loading class net.caffeinemc.mods.sodium.client.render.immediate.CloudRenderer
[16:39:48] [Worker-ResourceReload-17/INFO]: Force-loading class net.minecraft.class_26
[16:39:48] [Worker-ResourceReload-17/INFO]: Force-loading class net.minecraft.class_4970$class_4971$class_3752
[16:39:48] [Worker-ResourceReload-17/INFO]: Force-loading class net.minecraft.class_5817
[16:39:48] [Worker-ResourceReload-17/INFO]: Force-loading class net.minecraft.class_22
[16:39:48] [Worker-ResourceReload-17/INFO]: Force-loading class net.minecraft.class_3218$class_5526
[16:39:48] [Worker-ResourceReload-17/INFO]: Force-loading class net.minecraft.class_6916$class_6927
[16:39:48] [Worker-ResourceReload-17/INFO]: Force-loading class net.minecraft.class_330$class_331
[16:39:48] [Worker-ResourceReload-17/INFO]: Force-loading class net.caffeinemc.mods.sodium.client.render.chunk.ShaderChunkRenderer
[16:39:48] [Worker-ResourceReload-17/INFO]: Force-loading class net.minecraft.class_3537
[16:39:48] [Worker-ResourceReload-17/INFO]: Force-loading class net.minecraft.class_3898
[16:39:48] [Worker-ResourceReload-17/INFO]: Force-loading class net.minecraft.class_4983
[16:39:48] [Worker-ResourceReload-17/INFO]: Force-loading class net.minecraft.class_4267$class_4270
[16:39:48] [Worker-ResourceReload-17/INFO]: Force-loading class net.minecraft.class_745
[16:39:48] [Worker-ResourceReload-17/INFO]: Force-loading class net.minecraft.class_14
[16:39:48] [Worker-ResourceReload-17/INFO]: Force-loading class net.fabricmc.fabric.api.client.command.v2.FabricClientCommandSource
[16:39:48] [Worker-ResourceReload-17/INFO]: Force-loading class net.minecraft.class_3769
[16:39:48] [Worker-ResourceReload-17/INFO]: Force-loading class net.minecraft.class_4180
[16:39:48] [Worker-ResourceReload-17/INFO]: Force-loading class net.minecraft.class_4720$class_6189
[16:39:48] [Worker-ResourceReload-17/INFO]: Force-loading class net.minecraft.class_9449
[16:39:48] [Worker-ResourceReload-17/INFO]: Force-loading class net.minecraft.class_3898$class_3208
[16:39:48] [Worker-ResourceReload-17/INFO]: Force-loading class net.minecraft.class_492
[16:39:48] [Worker-ResourceReload-17/INFO]: Force-loading class net.minecraft.class_638$class_5271
[16:39:48] [Worker-ResourceReload-17/INFO]: Force-loading class net.minecraft.class_3228
[16:39:48] [Worker-ResourceReload-17/INFO]: Force-loading class net.minecraft.class_498
[16:39:48] [Worker-ResourceReload-17/INFO]: Force-loading class net.minecraft.class_3227
[16:39:48] [Worker-ResourceReload-17/INFO]: Force-loading class net.minecraft.class_3225
[16:39:48] [Worker-ResourceReload-17/INFO]: Force-loading class net.minecraft.class_6850
[16:39:48] [Worker-ResourceReload-17/INFO]: Force-loading class net.minecraft.class_2926
[16:39:48] [Worker-ResourceReload-17/INFO]: Force-loading class net.minecraft.class_846$class_851$class_4578
[16:39:48] [Worker-ResourceReload-17/INFO]: Force-loading class net.minecraft.class_5519
[16:39:48] [Worker-ResourceReload-17/INFO]: Force-loading class net.minecraft.class_3853$class_4162
[16:39:48] [Worker-ResourceReload-17/INFO]: Force-loading class net.minecraft.class_6568$class_5917
[16:39:48] [Worker-ResourceReload-17/INFO]: Force-loading class net.minecraft.class_9173$class_9174
[16:39:48] [Worker-ResourceReload-17/INFO]: Force-loading class net.minecraft.class_6502
[16:39:48] [Worker-ResourceReload-17/INFO]: Force-loading class net.minecraft.class_4720$class_4589
[16:39:48] [Worker-ResourceReload-17/INFO]: Force-loading class net.minecraft.class_6746
[16:39:48] [Worker-ResourceReload-17/INFO]: Force-loading class net.minecraft.class_3898$class_3216
[16:39:48] [Worker-ResourceReload-17/INFO]: Force-loading class net.minecraft.class_481
[16:39:48] [Worker-ResourceReload-17/INFO]: Force-loading class net.minecraft.class_6748
[16:39:48] [Worker-ResourceReload-17/INFO]: Force-loading class net.minecraft.class_6749
[16:39:48] [Worker-ResourceReload-17/INFO]: Force-loading class net.minecraft.class_2821
[16:39:48] [Worker-ResourceReload-17/INFO]: Force-loading class net.minecraft.class_2700
[16:39:48] [Worker-ResourceReload-17/INFO]: Force-loading class net.minecraft.class_8002
[16:39:48] [Worker-ResourceReload-17/INFO]: Force-loading class net.minecraft.class_3233
[16:39:48] [Worker-ResourceReload-17/INFO]: Force-loading class net.minecraft.class_2815
[16:39:48] [Worker-ResourceReload-17/INFO]: Force-loading class net.minecraft.class_2812
[16:39:48] [Worker-ResourceReload-17/INFO]: Force-loading class net.minecraft.class_6832
[16:39:48] [Worker-ResourceReload-17/INFO]: Force-loading class net.minecraft.class_4097
[16:39:48] [Worker-ResourceReload-17/INFO]: Force-loading class net.minecraft.class_4095
[16:39:48] [Worker-ResourceReload-17/INFO]: Force-loading class net.minecraft.class_3449
[16:39:48] [Worker-ResourceReload-17/INFO]: Force-loading class net.minecraft.class_6030
[16:39:48] [Worker-ResourceReload-17/INFO]: Force-loading class net.minecraft.class_2910
[16:39:48] [Worker-ResourceReload-17/INFO]: Force-loading class net.minecraft.server.Main
[16:39:48] [Worker-ResourceReload-17/INFO]: Force-loading class net.minecraft.class_3204
[16:39:48] [Worker-ResourceReload-17/INFO]: Force-loading class net.minecraft.class_6032
[16:39:48] [Worker-ResourceReload-17/INFO]: Force-loading class net.caffeinemc.mods.sodium.client.render.chunk.compile.tasks.ChunkBuilderMeshingTask
[16:39:48] [Worker-ResourceReload-17/INFO]: Force-loading class net.minecraft.class_3568
[16:39:48] [Worker-ResourceReload-17/INFO]: Force-loading class net.minecraft.class_1940
[16:39:48] [Worker-ResourceReload-17/INFO]: Force-loading class net.minecraft.class_4897
[16:39:48] [Worker-ResourceReload-17/INFO]: Force-loading class net.minecraft.class_3324
[16:39:48] [Worker-ResourceReload-17/INFO]: Force-loading class net.minecraft.class_2474
[16:39:48] [Worker-ResourceReload-17/INFO]: Force-loading class net.minecraft.class_638$class_5612
[16:39:48] [Worker-ResourceReload-17/INFO]: Force-loading class net.minecraft.class_3204$class_3205
[16:39:48] [Worker-ResourceReload-17/INFO]: Force-loading class net.minecraft.class_7138
[16:39:48] [Worker-ResourceReload-17/INFO]: Force-loading class net.minecraft.class_9316
[16:39:48] [Worker-ResourceReload-17/INFO]: Force-loading class net.minecraft.class_6350$class_5832
[16:39:48] [Worker-ResourceReload-17/INFO]: Force-loading class net.minecraft.class_5579$class_5580
[16:39:48] [Worker-ResourceReload-17/INFO]: Force-loading class net.minecraft.class_3215
[16:39:48] [Worker-ResourceReload-17/INFO]: Force-loading class net.minecraft.class_1950
[16:39:48] [Worker-ResourceReload-17/INFO]: Force-loading class net.minecraft.class_9310
[16:39:48] [Worker-ResourceReload-17/INFO]: Force-loading class net.minecraft.class_6032$class_6033
[16:39:48] [Worker-ResourceReload-17/INFO]: Force-loading class net.minecraft.class_4543
[16:39:48] [Worker-ResourceReload-17/INFO]: Force-loading class net.minecraft.class_1948
[16:39:48] [Worker-ResourceReload-17/INFO]: Force-loading class net.minecraft.class_2913
[16:39:48] [Worker-ResourceReload-17/INFO]: Force-loading class net.minecraft.class_1946
[16:39:48] [Worker-ResourceReload-17/INFO]: Force-loading class net.minecraft.class_3143
[16:39:48] [Worker-ResourceReload-17/INFO]: Force-loading class net.minecraft.class_7743
[16:39:48] [Worker-ResourceReload-17/INFO]: Force-loading class net.minecraft.class_7744
[16:39:48] [Worker-ResourceReload-17/INFO]: Force-loading class net.minecraft.class_5684
[16:39:48] [Worker-ResourceReload-17/INFO]: Force-loading class net.minecraft.class_5683
[16:39:48] [Worker-ResourceReload-17/INFO]: Force-loading class net.minecraft.class_2170
[16:39:48] [Worker-ResourceReload-17/INFO]: Force-loading class net.minecraft.class_1887$class_9700
[16:39:48] [Worker-ResourceReload-17/INFO]: Force-loading class net.minecraft.class_6350$class_6351
[16:39:48] [Worker-ResourceReload-17/INFO]: Force-loading class net.minecraft.class_2852
[16:39:48] [Worker-ResourceReload-17/INFO]: Force-loading class net.minecraft.class_3204$class_4077
[16:39:48] [Worker-ResourceReload-17/INFO]: Force-loading class net.minecraft.class_315$3
[16:39:48] [Worker-ResourceReload-17/INFO]: Force-loading class net.minecraft.class_9247
[16:39:48] [Worker-ResourceReload-17/INFO]: Force-loading class net.minecraft.class_3027
[16:39:48] [Worker-ResourceReload-17/INFO]: Force-loading class net.minecraft.class_7861
[16:39:48] [Worker-ResourceReload-17/INFO]: Force-loading class net.minecraft.class_5565
[16:39:48] [Worker-ResourceReload-17/INFO]: Force-loading class net.minecraft.class_4902
[16:39:48] [Worker-ResourceReload-17/INFO]: Force-loading class com.ishland.c2me.rewrites.chunksystem.common.statuses.ServerBlockTicking
[16:39:48] [Worker-ResourceReload-17/INFO]: Force-loading class net.minecraft.class_5235$class_5241
[16:39:48] [Worker-ResourceReload-17/INFO]: Force-loading class net.minecraft.class_5820$class_6671
[16:39:48] [Worker-ResourceReload-17/INFO]: Force-loading class net.minecraft.class_2818$class_5564
[16:39:48] [Worker-ResourceReload-17/INFO]: Force-loading class net.minecraft.class_5454
[16:39:48] [Worker-ResourceReload-17/INFO]: Force-loading class net.minecraft.class_4243
[16:39:48] [Worker-ResourceReload-17/INFO]: Force-loading class net.minecraft.class_1890
[16:39:48] [Worker-ResourceReload-17/INFO]: Force-loading class net.minecraft.class_5574
[16:39:48] [Worker-ResourceReload-17/INFO]: Force-loading class net.minecraft.class_2818$class_5563
[16:39:48] [Worker-ResourceReload-17/INFO]: Force-loading class net.minecraft.class_5573
[16:39:48] [Worker-ResourceReload-17/INFO]: Force-loading class net.minecraft.class_5572
[16:39:48] [Worker-ResourceReload-17/INFO]: Force-loading class net.minecraft.class_8603
[16:39:48] [Worker-ResourceReload-17/INFO]: Force-loading class net.minecraft.class_6306
[16:39:48] [Worker-ResourceReload-17/INFO]: Force-loading class net.minecraft.class_3131$class_3132
[16:39:48] [Worker-ResourceReload-17/INFO]: Force-loading class net.minecraft.class_3244$1
[16:39:48] [Worker-ResourceReload-17/INFO]: Force-loading class net.minecraft.class_3366$class_3388
[16:39:48] [Worker-ResourceReload-17/INFO]: Force-loading class net.minecraft.class_8608
[16:39:48] [Worker-ResourceReload-17/INFO]: Force-loading class net.minecraft.class_7196
[16:39:48] [Worker-ResourceReload-17/INFO]: Force-loading class net.minecraft.class_2985
[16:39:48] [Worker-ResourceReload-17/INFO]: Force-loading class net.minecraft.class_5579
[16:39:48] [Worker-ResourceReload-17/INFO]: Force-loading class net.minecraft.class_2861
[16:39:48] [Worker-ResourceReload-17/INFO]: Force-loading class net.minecraft.class_6540
[16:39:48] [Worker-ResourceReload-17/INFO]: Force-loading class net.minecraft.class_446
[16:39:48] [Worker-ResourceReload-17/INFO]: Force-loading class net.minecraft.class_9136
[16:39:48] [Worker-ResourceReload-17/INFO]: Force-loading class net.minecraft.class_32$class_5143
[16:39:48] [Worker-ResourceReload-17/INFO]: Force-loading class net.minecraft.class_2826$class_6869
[16:39:48] [Worker-ResourceReload-17/INFO]: Force-loading class net.minecraft.class_4246
[16:39:48] [Worker-ResourceReload-17/INFO]: Force-loading class net.minecraft.class_9810
[16:39:48] [Worker-ResourceReload-17/INFO]: Force-loading class net.caffeinemc.mods.sodium.client.render.chunk.compile.buffers.BakedChunkModelBuilder
[16:39:48] [Worker-ResourceReload-17/INFO]: Force-loading class net.minecraft.class_3962$class_3963
[16:39:48] [Worker-ResourceReload-17/INFO]: Force-loading class net.minecraft.class_4916
[16:39:48] [Worker-ResourceReload-17/INFO]: Force-loading class net.minecraft.class_3962$class_3964
[16:39:48] [Worker-ResourceReload-17/INFO]: Force-loading class net.caffeinemc.mods.sodium.client.render.chunk.compile.pipeline.BlockRenderer
[16:39:48] [Worker-ResourceReload-17/INFO]: Force-loading class net.caffeinemc.mods.sodium.client.render.chunk.region.RenderRegion$DeviceResources
[16:39:48] [Worker-ResourceReload-17/INFO]: Force-loading class net.minecraft.class_8931
[16:39:48] [Worker-ResourceReload-17/INFO]: Force-loading class net.minecraft.class_6755
[16:39:48] [Worker-ResourceReload-17/INFO]: Force-loading class net.minecraft.class_7723
[16:39:48] [Worker-ResourceReload-17/INFO]: Force-loading class net.minecraft.class_7845
[16:39:48] [Worker-ResourceReload-17/INFO]: Force-loading class net.minecraft.class_350
[16:39:48] [Worker-ResourceReload-17/INFO]: Force-loading class net.minecraft.class_3065$1
[16:39:48] [Worker-ResourceReload-17/INFO]: Force-loading class net.minecraft.class_9220
[16:39:48] [Worker-ResourceReload-17/INFO]: Force-loading class net.minecraft.class_3248
[16:39:48] [Worker-ResourceReload-17/INFO]: Force-loading class net.minecraft.class_9223
[16:39:48] [Worker-ResourceReload-17/INFO]: Force-loading class net.minecraft.class_1863
[16:39:48] [Worker-ResourceReload-17/INFO]: Force-loading class net.minecraft.class_8496
[16:39:48] [Worker-ResourceReload-17/INFO]: Force-loading class net.minecraft.class_4698
[16:39:48] [Worker-ResourceReload-17/INFO]: Force-loading class net.minecraft.class_4696
[16:39:48] [Worker-ResourceReload-17/INFO]: Force-loading class net.minecraft.class_2826
[16:39:48] [Worker-ResourceReload-17/INFO]: Force-loading class net.minecraft.class_6544$class_6552
[16:39:48] [Worker-ResourceReload-17/INFO]: Force-loading class net.minecraft.class_2824
[16:39:48] [Worker-ResourceReload-17/INFO]: Force-loading class net.minecraft.class_7719
[16:39:48] [Worker-ResourceReload-17/INFO]: Force-loading class net.minecraft.class_1845$class_9665
[16:39:48] [Worker-ResourceReload-17/INFO]: Force-loading class net.caffeinemc.mods.sodium.client.gui.SodiumGameOptionPages
[16:39:48] [Worker-ResourceReload-17/INFO]: Force-loading class net.minecraft.class_3495
[16:39:48] [Worker-ResourceReload-17/INFO]: Force-loading class net.minecraft.class_8703
[16:39:48] [Worker-ResourceReload-17/INFO]: Force-loading class net.minecraft.class_4583
[16:39:48] [Worker-ResourceReload-17/INFO]: Force-loading class net.minecraft.class_3492
[16:39:48] [Worker-ResourceReload-17/INFO]: Force-loading class net.minecraft.class_895$class_625
[16:39:48] [Worker-ResourceReload-17/INFO]: Force-loading class net.caffeinemc.mods.sodium.client.render.chunk.compile.pipeline.DefaultFluidRenderer
[16:39:48] [Worker-ResourceReload-17/INFO]: Force-loading class net.minecraft.class_2843
[16:39:48] [Worker-ResourceReload-17/INFO]: Force-loading class net.minecraft.class_342
[16:39:48] [Worker-ResourceReload-17/INFO]: Force-loading class net.minecraft.class_2841
[16:39:48] [Worker-ResourceReload-17/INFO]: Force-loading class net.minecraft.class_3499
[16:39:48] [Worker-ResourceReload-17/INFO]: Force-loading class net.caffeinemc.mods.sodium.client.render.chunk.compile.ChunkBuildBuffers
[16:39:48] [Worker-ResourceReload-17/INFO]: Force-loading class net.minecraft.class_4103
[16:39:48] [Worker-ResourceReload-17/INFO]: Force-loading class net.minecraft.class_2839
[16:39:48] [Worker-ResourceReload-17/INFO]: Force-loading class net.minecraft.class_3806
[16:39:48] [Worker-ResourceReload-17/INFO]: Force-loading class net.minecraft.class_8819
[16:39:48] [Worker-ResourceReload-17/INFO]: Force-loading class net.minecraft.class_7845$class_7939
[16:39:48] [Worker-ResourceReload-17/INFO]: Force-loading class net.minecraft.class_7788
[16:39:48] [Worker-ResourceReload-17/INFO]: Force-loading class net.minecraft.class_4274
[16:39:48] [Worker-ResourceReload-17/INFO]: Force-loading class net.minecraft.class_4153
[16:39:48] [Worker-ResourceReload-17/INFO]: Force-loading class net.minecraft.class_3065
[16:39:48] [Worker-ResourceReload-17/INFO]: Force-loading class net.minecraft.class_5235$class_5241$1
[16:39:48] [Worker-ResourceReload-17/INFO]: Force-loading class net.minecraft.class_6677$class_6678
[16:39:48] [Worker-ResourceReload-17/INFO]: Force-loading class net.minecraft.class_5361
[16:39:48] [Worker-ResourceReload-17/INFO]: Force-loading class net.minecraft.class_2777
[16:39:48] [Worker-ResourceReload-17/INFO]: Force-loading class net.minecraft.class_2899
[16:39:48] [Worker-ResourceReload-17/INFO]: Force-loading class net.minecraft.class_7782
[16:39:48] [Worker-ResourceReload-17/INFO]: Force-loading class net.minecraft.class_55$class_56
[16:39:48] [Worker-ResourceReload-17/INFO]: Force-loading class net.minecraft.class_412
[16:39:48] [Worker-ResourceReload-17/INFO]: Force-loading class net.minecraft.class_5369
[16:39:48] [Worker-ResourceReload-17/INFO]: Force-loading class net.minecraft.class_7422
[16:39:48] [Worker-ResourceReload-17/INFO]: Force-loading class net.minecraft.class_3069
[16:39:48] [Worker-ResourceReload-17/INFO]: Force-loading class net.minecraft.class_4157
[16:39:48] [Worker-ResourceReload-17/INFO]: Force-loading class net.minecraft.class_4706
[16:39:48] [Worker-ResourceReload-17/INFO]: Force-loading class net.minecraft.class_3421$class_3427
[16:39:48] [Worker-ResourceReload-17/INFO]: Force-loading class net.minecraft.class_2405
[16:39:48] [Worker-ResourceReload-17/INFO]: Force-loading class com.ishland.c2me.rewrites.chunksystem.common.statuses.ServerAccessible
[16:39:48] [Worker-ResourceReload-17/INFO]: Force-loading class net.minecraft.class_2841$class_6563
[16:39:48] [Worker-ResourceReload-17/INFO]: Force-loading class com.mojang.brigadier.suggestion.SuggestionsBuilder
[16:39:48] [Worker-ResourceReload-17/INFO]: Force-loading class net.caffeinemc.mods.sodium.client.render.chunk.compile.pipeline.BlockOcclusionCache
[16:39:48] [Worker-ResourceReload-17/INFO]: Force-loading class net.caffeinemc.mods.sodium.client.render.chunk.DefaultChunkRenderer
[16:39:48] [Worker-ResourceReload-17/INFO]: Force-loading class net.minecraft.class_528$class_4272
[16:39:48] [Worker-ResourceReload-17/INFO]: Force-loading class net.minecraft.class_5131
[16:39:48] [Worker-ResourceReload-17/INFO]: Force-loading class net.minecraft.class_3193
[16:39:48] [Worker-ResourceReload-17/INFO]: Force-loading class net.minecraft.class_5491
[16:39:48] [Worker-ResourceReload-17/INFO]: Force-loading class net.minecraft.class_3756
[16:39:48] [Worker-ResourceReload-17/INFO]: Force-loading class net.minecraft.class_4603
[16:39:48] [Worker-ResourceReload-17/INFO]: Force-loading class net.minecraft.class_6582
[16:39:48] [Worker-ResourceReload-17/INFO]: Force-loading class net.minecraft.class_4723
[16:39:48] [Worker-ResourceReload-17/INFO]: Force-loading class net.minecraft.class_2545
[16:39:48] [Worker-ResourceReload-17/INFO]: Force-loading class net.minecraft.class_642
[16:39:48] [Worker-ResourceReload-17/INFO]: Force-loading class net.minecraft.class_525
[16:39:48] [Worker-ResourceReload-17/INFO]: Force-loading class net.minecraft.class_404
[16:39:48] [Worker-ResourceReload-17/INFO]: Force-loading class net.minecraft.class_636
[16:39:48] [Worker-ResourceReload-17/INFO]: Force-loading class net.minecraft.class_637
[16:39:48] [Worker-ResourceReload-17/INFO]: Force-loading class net.minecraft.class_9171
[16:39:48] [Worker-ResourceReload-17/INFO]: Force-loading class net.minecraft.class_9170
[16:39:48] [Worker-ResourceReload-17/INFO]: Force-loading class net.minecraft.class_3509
[16:39:48] [Worker-ResourceReload-17/INFO]: Force-loading class net.minecraft.class_3508
[16:39:48] [Worker-ResourceReload-17/INFO]: Force-loading class net.minecraft.class_9172
[16:39:48] [Worker-ResourceReload-17/INFO]: Force-loading class net.minecraft.class_4717
[16:39:48] [Worker-ResourceReload-17/INFO]: Force-loading class net.minecraft.class_9175
[16:39:48] [Worker-ResourceReload-17/INFO]: Force-loading class net.minecraft.class_2658
[16:39:48] [Worker-ResourceReload-17/INFO]: Force-loading class net.minecraft.class_3505
[16:39:48] [Worker-ResourceReload-17/INFO]: Force-loading class net.minecraft.class_3962$class_3925
[16:39:48] [Worker-ResourceReload-17/INFO]: Force-loading class net.minecraft.class_6916$class_6917
[16:39:48] [Worker-ResourceReload-17/INFO]: Force-loading class net.minecraft.class_6676
[16:39:48] [Worker-ResourceReload-17/INFO]: Force-loading class net.minecraft.class_6677
[16:39:48] [Worker-ResourceReload-17/INFO]: Force-loading class net.minecraft.class_4010
[16:39:48] [Worker-ResourceReload-17/INFO]: Force-loading class net.minecraft.class_5582
[16:39:48] [Worker-ResourceReload-17/INFO]: Force-loading class net.minecraft.class_5349
[16:39:48] [Worker-ResourceReload-17/INFO]: Force-loading class net.minecraft.class_3048
[16:39:48] [Worker-ResourceReload-17/INFO]: Force-loading class net.minecraft.class_3169
[16:39:48] [Worker-ResourceReload-17/INFO]: Force-loading class net.minecraft.class_3959
[16:39:48] [Worker-ResourceReload-17/INFO]: Force-loading class net.minecraft.class_2867
[16:39:48] [Worker-ResourceReload-17/INFO]: Force-loading class net.minecraft.class_9383
[16:39:48] [Worker-ResourceReload-17/INFO]: Force-loading class net.minecraft.class_2989
[16:39:48] [Worker-ResourceReload-17/INFO]: Force-loading class net.minecraft.class_644$1
[16:39:48] [Worker-ResourceReload-17/INFO]: Force-loading class net.minecraft.class_6568$class_6949
[16:39:48] [Worker-ResourceReload-17/INFO]: Force-loading class net.minecraft.class_6568$class_6948
[16:39:48] [Worker-ResourceReload-17/INFO]: Force-loading class net.minecraft.class_3176
[16:39:48] [Worker-ResourceReload-17/INFO]: Force-loading class net.minecraft.class_7655
[16:39:48] [Worker-ResourceReload-17/INFO]: Force-loading class net.minecraft.class_6568
[16:39:48] [Worker-ResourceReload-17/INFO]: Force-loading class net.minecraft.class_5350
[16:39:48] [Worker-ResourceReload-17/INFO]: Force-loading class com.ishland.c2me.rewrites.chunk_serializer.common.ChunkDataSerializer
[16:39:48] [Worker-ResourceReload-17/INFO]: Force-loading class net.minecraft.class_3977
[16:39:48] [Worker-ResourceReload-17/INFO]: Force-loading class net.minecraft.class_3471$class_3474
[16:39:48] [Worker-ResourceReload-17/INFO]: Force-loading class net.minecraft.class_6568$class_6950
[16:39:48] [Worker-ResourceReload-17/INFO]: Force-loading class net.minecraft.class_3471$class_3476
[16:39:48] [Worker-ResourceReload-17/INFO]: Force-loading class net.minecraft.class_7530
[16:39:48] [Worker-ResourceReload-17/INFO]: Force-loading class net.minecraft.class_2881
[16:39:48] [Worker-ResourceReload-17/INFO]: Force-loading class net.minecraft.class_5235
[16:39:48] [Worker-ResourceReload-17/INFO]: Force-loading class net.minecraft.class_3728
[16:39:48] [Worker-ResourceReload-17/INFO]: Force-loading class net.minecraft.class_6568$class_6951
[16:39:48] [Worker-ResourceReload-17/INFO]: Force-loading class net.minecraft.class_2637
[16:39:48] [Worker-ResourceReload-17/INFO]: Force-loading class net.minecraft.class_3499$class_5162
[16:39:48] [Worker-ResourceReload-17/INFO]: Force-loading class net.caffeinemc.mods.sodium.client.render.chunk.RenderSection
[16:39:48] [Worker-ResourceReload-17/WARN]: Cleared mixin data structures
[16:39:49] [Render thread/INFO]: Reloaded text layout engine, res level: 3 to 4, locale: zh_CN, layout RTL: false
[16:39:53] [Render thread/INFO]: Connecting to nc.rainplay.cn, 34629
[16:39:54] [Render thread/INFO]: New Xaero hud session initialized!
[16:39:54] [Render thread/INFO]: New world map session initialized!
[16:39:54] [Render thread/INFO]: Enforcing safe world random access
[16:39:54] [Render thread/INFO]: Reloading pipeline on dimension change: minecraft:overworld => minecraft:overworld
[16:39:54] [Render thread/INFO]: Destroying pipeline minecraft:overworld
[16:39:54] [Render thread/INFO]: Creating pipeline for dimension minecraft:overworld
[16:39:54] [Render thread/INFO]: Started 10 worker threads
[16:39:54] [Render thread/INFO]: [Inventory Profiles Next] Loaded 3 external GUI hints
[16:39:54] [Render thread/INFO]: [Inventory Profiles Next] Loaded 803 build-in GUI hints
[16:39:54] [Render thread/INFO]: [Inventory Profiles Next] Effective GUI hints after merge: 806
[16:39:54] [Render thread/INFO]: Loaded 86 advancements
[16:39:54] [Render thread/INFO]: Minimap updated server level id: 1713709815 for world ResourceKey[minecraft:dimension / minecraft:overworld]
[16:39:54] [Render thread/INFO]: [STDOUT]: Lithium Cached BlockState Flags are disabled!
[16:39:54] [Render thread/INFO]: [STDOUT]: [ScalableLux] Lighting scaling is enabled in externally managed mode
[16:39:54] [Render thread/INFO]: Stopping worker threads
[16:39:54] [Render thread/INFO]: Started 10 worker threads
[16:39:54] [Render thread/INFO]: Loaded entity minecraft:chicken
[16:39:54] [Render thread/INFO]: Loaded entity minecraft:zombie
[16:39:54] [Render thread/INFO]: Loaded entity minecraft:creeper
[16:39:54] [Render thread/INFO]: Loaded entity minecraft:pig
[16:39:54] [Render thread/INFO]: Loaded entity minecraft:slime
[16:39:54] [Render thread/INFO]: Loaded entity minecraft:spider
[16:39:54] [Render thread/INFO]: Loaded entity minecraft:skeleton
[16:39:54] [Render thread/INFO]: Loaded entity minecraft:item
[16:39:54] [Render thread/INFO]: Loaded entity minecraft:chest_minecart
[16:39:54] [Render thread/INFO]: Loaded entity minecraft:bee
[16:39:54] [Render thread/INFO]: Loaded entity minecraft:sheep
[16:39:54] [Render thread/INFO]: Loaded entity minecraft:horse
[16:39:54] [Render thread/INFO]: Loaded entity minecraft:cow
[16:39:54] [Render thread/INFO]: Loaded entity minecraft:bat
[16:39:54] [Render thread/INFO]: Reloading radar icon resources...
[16:39:54] [Render thread/INFO]: Reloaded radar icon resources!
[16:39:54] [Render thread/WARN]: Time from main menu to in-game was 1.6471933 seconds
[16:39:54] [Render thread/WARN]: Total time to load game and open world was 27.255194 seconds
[16:39:55] [Render thread/WARN]: Class xaero.hud.minimap.radar.icon.creator.render.form.model.part.RadarIconModelPartPrerenderer$VertexConsumerWrapper does not support optimized vertex writing code paths, which may cause reduced rendering performance
[16:39:59] [Render thread/INFO]: Loaded entity minecraft:glow_squid
[16:40:06] [Render thread/INFO]: [CHAT] 已将Annihilation传送至Ling_nine
[16:40:06] [Render thread/INFO]: Loaded entity minecraft:hopper_minecart
[16:40:06] [Render thread/INFO]: Loaded entity minecraft:boat
[16:40:06] [Render thread/INFO]: Loaded entity minecraft:zombie_villager
[16:40:06] [Render thread/INFO]: Loaded entity minecraft:wolf
[16:40:06] [Render thread/INFO]: Loaded entity minecraft:cat
[16:40:06] [Render thread/INFO]: Loaded entity minecraft:villager
[16:40:06] [Render thread/INFO]: Loaded entity minecraft:squid
[16:40:10] [Render thread/INFO]: Loaded entity minecraft:enderman
[16:40:11] [Render thread/INFO]: Loaded entity minecraft:salmon
[16:40:39] [Render thread/INFO]: [CHAT] 已将截图保存为2025-11-14_16.40.39.png
[16:40:53] [Render thread/WARN]: Warning! Mod customskinloader has a broken icon, loading default icon
[16:40:53] [Render thread/ERROR]: Invalid mod icon for icon source ftbbackups2: assets/examplemod/icon.png
java.nio.file.NoSuchFileException: /assets/examplemod/icon.png
	at jdk.zipfs@21/jdk.nio.zipfs.ZipFileSystem.newInputStream(ZipFileSystem.java:861) ~[jdk.zipfs:?]
	at jdk.zipfs@21/jdk.nio.zipfs.ZipPath.newInputStream(ZipPath.java:751) ~[jdk.zipfs:?]
	at jdk.zipfs@21/jdk.nio.zipfs.ZipFileSystemProvider.newInputStream(ZipFileSystemProvider.java:270) ~[jdk.zipfs:?]
	at java.base/java.nio.file.Files.newInputStream(Files.java:159) ~[?:?]
	at knot/com.terraformersmc.modmenu.util.mod.fabric.FabricIconHandler.createIcon(FabricIconHandler.java:34) ~[%5B模组菜单%5D%20modmenu-11.0.3.jar:?]
	at knot/com.terraformersmc.modmenu.util.mod.fabric.FabricMod.getIcon(FabricMod.java:169) ~[%5B模组菜单%5D%20modmenu-11.0.3.jar:?]
	at knot/com.terraformersmc.modmenu.gui.widget.entries.ModListEntry.getIconTexture(ModListEntry.java:192) ~[%5B模组菜单%5D%20modmenu-11.0.3.jar:?]
	at knot/com.terraformersmc.modmenu.gui.widget.entries.ModListEntry.method_25343(ModListEntry.java:72) ~[%5B模组菜单%5D%20modmenu-11.0.3.jar:?]
	at knot/com.terraformersmc.modmenu.gui.widget.ModListWidget.method_25311(ModListWidget.java:261) ~[%5B模组菜单%5D%20modmenu-11.0.3.jar:?]
	at knot/net.minecraft.class_350.method_48579(class_350.java:188) ~[client-intermediary.jar:?]
	at knot/net.minecraft.class_339.method_25394(class_339.java:66) ~[client-intermediary.jar:?]
	at knot/com.terraformersmc.modmenu.gui.ModsScreen.method_25394(ModsScreen.java:305) ~[%5B模组菜单%5D%20modmenu-11.0.3.jar:?]
	at knot/net.minecraft.class_437.method_47413(class_437.java:117) ~[client-intermediary.jar:?]
	at knot/net.minecraft.class_757.mixinextras$bridge$method_47413$256(class_757.java) ~[client-intermediary.jar:?]
	at knot/net.minecraft.class_757.wrapOperation$bid000$fabric-screen-api-v1$onRenderScreen(class_757.java:3586) [client-intermediary.jar:?]
	at knot/net.minecraft.class_757.method_3192(class_757.java:913) [client-intermediary.jar:?]
	at knot/net.minecraft.class_310.method_1523(class_310.java:1285) [client-intermediary.jar:?]
	at knot/net.minecraft.class_310.method_1514(class_310.java:882) [client-intermediary.jar:?]
	at knot/net.minecraft.client.main.Main.main(Main.java:256) [client-intermediary.jar:?]
	at net.fabricmc.loader.impl.game.minecraft.MinecraftGameProvider.launch(MinecraftGameProvider.java:480) [fabric-loader-0.16.13.jar:?]
	at net.fabricmc.loader.impl.launch.knot.Knot.launch(Knot.java:74) [fabric-loader-0.16.13.jar:?]
	at net.fabricmc.loader.impl.launch.knot.KnotClient.main(KnotClient.java:23) [fabric-loader-0.16.13.jar:?]
	at java.base/jdk.internal.reflect.DirectMethodHandleAccessor.invoke(DirectMethodHandleAccessor.java:103) ~[?:?]
	at java.base/java.lang.reflect.Method.invoke(Method.java:580) ~[?:?]
	at oolloo.jlw.Wrapper.invokeMain(Wrapper.java:112) [JavaWrapper.jar:?]
	at oolloo.jlw.Wrapper.main(Wrapper.java:105) [JavaWrapper.jar:?]
[16:40:53] [Render thread/WARN]: Warning! Mod ftbbackups2 has a broken icon, loading default icon
[16:40:53] [Render thread/WARN]: Warning! Mod ftbessentials has a broken icon, loading default icon
[16:40:54] [Render thread/INFO]: Loaded entity minecraft:witch
[16:40:55] [Render thread/WARN]: Warning! Mod ftblibrary has a broken icon, loading default icon
[16:40:55] [Render thread/WARN]: Warning! Mod ftbranks has a broken icon, loading default icon
[16:40:55] [Render thread/WARN]: Warning! Mod i18nupdatemod has a broken icon, loading default icon
[16:40:59] [Render thread/INFO]: [CHAT] Request sent!
[16:41:13] [Render thread/INFO]: [CHAT] TPA request! [ Ling_nine ? Annihilation ]
[16:41:13] [Render thread/INFO]: [CHAT] Click one of these: Accept ? | Deny ? |
[16:41:14] [Render thread/INFO]: [CHAT] <Annihilation> 现在能传送了喵
[16:41:41] [Render thread/INFO]: [CHAT] <Ling_nine> 好( ?? ω ?? )
[16:41:58] [Render thread/INFO]: [CHAT] <Annihilation> 歇逼了
[16:42:01] [Render thread/INFO]: Xaero hud session finalized.
[16:42:01] [Render thread/INFO]: Finalizing world map session...
[16:42:01] [Thread-14/INFO]: World map force-cleaned!
[16:42:01] [Render thread/INFO]: World map session finalized.
[16:42:01] [Render thread/INFO]: Stopping worker threads
[16:42:02] [Render thread/INFO]: Stopping!
[16:42:02] [CullThread/INFO]: [STDOUT]: Shutting down culling task!
